<?xml version="1.0" encoding="UTF-8"?>
<!-- Generated by org.testng.reporters.JUnitXMLReporter -->
<testsuite ignored="0" hostname="Manul-W" failures="1" tests="4" name="LoginTest" time="25.732" errors="0" timestamp="2021-07-06T03:01:14 IST">
  <testcase classname="listeners_2.LoginTest" name="test1" time="15.454"/>
  <testcase classname="listeners_2.LoginTest" name="test2" time="10.188"/>
  <testcase classname="listeners_2.LoginTest" name="test3" time="0.003">
    <skipped/>
  </testcase> <!-- test3 -->
  <testcase classname="listeners_2.LoginTest" name="test4" time="0.002">
    <failure type="java.lang.AssertionError">
      <![CDATA[java.lang.AssertionError: 
at listeners_2.LoginTest.test4(LoginTest.java:70)
at java.base/java.util.ArrayList.forEach(ArrayList.java:1511)
... Removed 30 stack frames]]>
    </failure>
  </testcase> <!-- test4 -->
</testsuite> <!-- LoginTest -->
