<?xml version="1.0" encoding="UTF-8"?>
<!-- Generated by org.testng.reporters.JUnitXMLReporter -->
<testsuite ignored="0" hostname="Manul-W" failures="2" tests="8" name="Test" time="131.932" errors="0" timestamp="2021-05-29T16:21:09 IST">
  <testcase classname="listeners.TestNGListenersTest" name="test1" time="49.594"/>
  <testcase classname="listeners.TestNGListenersTest" name="test2" time="17.792"/>
  <testcase classname="listeners.TestNGListenersTest" name="test3" time="0.001">
    <skipped/>
  </testcase> <!-- test3 -->
  <testcase classname="listeners.TestNGListenersTest" name="test4" time="0.005">
    <failure type="java.lang.AssertionError" message="expected [true] but found [false]">
      <![CDATA[java.lang.AssertionError: expected [true] but found [false]
at listeners.TestNGListenersTest.test4(TestNGListenersTest.java:68)
at java.base/java.util.ArrayList.forEach(ArrayList.java:1511)
... Removed 31 stack frames]]>
    </failure>
  </testcase> <!-- test4 -->
  <testcase classname="listeners.TestNGListenersTest2" name="test5" time="48.566"/>
  <testcase classname="listeners.TestNGListenersTest2" name="test6" time="15.857"/>
  <testcase classname="listeners.TestNGListenersTest2" name="test7" time="0.001">
    <skipped/>
  </testcase> <!-- test7 -->
  <testcase classname="listeners.TestNGListenersTest2" name="test8" time="0.003">
    <failure type="java.lang.AssertionError" message="expected [true] but found [false]">
      <![CDATA[java.lang.AssertionError: expected [true] but found [false]
at listeners.TestNGListenersTest2.test8(TestNGListenersTest2.java:68)
at java.base/java.util.ArrayList.forEach(ArrayList.java:1511)
... Removed 31 stack frames]]>
    </failure>
  </testcase> <!-- test8 -->
</testsuite> <!-- Test -->
